<?xml version="1.0" encoding="UTF-8"?>
<robot generator="Robot 3.0.4 (Python 3.6.0 on win32)" generated="20190616 15:20:56.709">
<suite id="s1" name="FBTest" source="C:\Users\GP\Desktop\sunbird\FBTest">
<suite id="s1-s1" name="SearchName" source="C:\Users\GP\Desktop\sunbird\FBTest\SearchName.robot">
<test id="s1-s1-t1" name="SearcTest">
<kw name="Open Youtube">
<kw name="Open Browser" library="SeleniumLibrary">
<doc>Opens a new browser instance to the given ``url``.</doc>
<arguments>
<arg>${youtubeURL}</arg>
<arg>${browser}</arg>
</arguments>
<msg timestamp="20190616 15:20:57.185" level="INFO">Opening browser 'chrome' to base url 'https://www.youtube.com/?gl=TW&amp;hl=zh-TW'.</msg>
<status status="PASS" starttime="20190616 15:20:57.185" endtime="20190616 15:21:01.526"></status>
</kw>
<kw name="Maximize Browser Window" library="SeleniumLibrary">
<doc>Maximizes current browser window.</doc>
<status status="PASS" starttime="20190616 15:21:01.527" endtime="20190616 15:21:02.809"></status>
</kw>
<status status="PASS" starttime="20190616 15:20:57.184" endtime="20190616 15:21:02.809"></status>
</kw>
<kw name="Input Text After It Is Visible">
<arguments>
<arg>xpath://input[contains(@id,"search")]</arg>
<arg>RobotFramework</arg>
</arguments>
<kw name="Wait Until Page Contains Element" library="SeleniumLibrary">
<doc>Waits until element ``locator`` appears on current page.</doc>
<arguments>
<arg>${locator}</arg>
<arg>timeout=${shortPeriodOfTime}</arg>
</arguments>
<status status="PASS" starttime="20190616 15:21:02.811" endtime="20190616 15:21:02.955"></status>
</kw>
<kw name="Wait Until Element Is Visible" library="SeleniumLibrary">
<doc>Waits until element ``locator`` is visible.</doc>
<arguments>
<arg>${locator}</arg>
<arg>timeout=${shortPeriodOfTime}</arg>
</arguments>
<status status="PASS" starttime="20190616 15:21:02.956" endtime="20190616 15:21:03.003"></status>
</kw>
<kw name="Input Text" library="SeleniumLibrary">
<doc>Types the given ``text`` into text field identified by ``locator``.</doc>
<arguments>
<arg>${locator}</arg>
<arg>${text}</arg>
</arguments>
<msg timestamp="20190616 15:21:03.005" level="INFO">Typing text 'RobotFramework' into text field 'xpath://input[contains(@id,"search")]'.</msg>
<status status="PASS" starttime="20190616 15:21:03.004" endtime="20190616 15:21:03.280"></status>
</kw>
<status status="PASS" starttime="20190616 15:21:02.810" endtime="20190616 15:21:03.281"></status>
</kw>
<kw name="Click Button After It Is Visible">
<arguments>
<arg>xpath://button[@id="search-icon-legacy"]</arg>
</arguments>
<kw name="Wait Until Page Contains Element" library="SeleniumLibrary">
<doc>Waits until element ``locator`` appears on current page.</doc>
<arguments>
<arg>${locator}</arg>
<arg>timeout=${shortPeriodOfTime}</arg>
</arguments>
<status status="PASS" starttime="20190616 15:21:03.282" endtime="20190616 15:21:03.297"></status>
</kw>
<kw name="Wait Until Element Is Visible" library="SeleniumLibrary">
<doc>Waits until element ``locator`` is visible.</doc>
<arguments>
<arg>${locator}</arg>
<arg>timeout=${shortPeriodOfTime}</arg>
</arguments>
<status status="PASS" starttime="20190616 15:21:03.297" endtime="20190616 15:21:03.318"></status>
</kw>
<kw name="Click Button" library="SeleniumLibrary">
<doc>Clicks button identified by ``locator``.</doc>
<arguments>
<arg>${locator}</arg>
</arguments>
<msg timestamp="20190616 15:21:03.319" level="INFO">Clicking button 'xpath://button[@id="search-icon-legacy"]'.</msg>
<status status="PASS" starttime="20190616 15:21:03.318" endtime="20190616 15:21:03.535"></status>
</kw>
<status status="PASS" starttime="20190616 15:21:03.281" endtime="20190616 15:21:03.536"></status>
</kw>
<kw name="Click Element After It Is Visible">
<arguments>
<arg>xpath://paper-button[@aria-label="搜尋篩選器"]//yt-icon</arg>
</arguments>
<kw name="Wait Until Page Contains Element" library="SeleniumLibrary">
<doc>Waits until element ``locator`` appears on current page.</doc>
<arguments>
<arg>${locator}</arg>
<arg>timeout=${shortPeriodOfTime}</arg>
</arguments>
<status status="PASS" starttime="20190616 15:21:03.539" endtime="20190616 15:21:03.986"></status>
</kw>
<kw name="Wait Until Element Is Visible" library="SeleniumLibrary">
<doc>Waits until element ``locator`` is visible.</doc>
<arguments>
<arg>${locator}</arg>
<arg>timeout=${shortPeriodOfTime}</arg>
</arguments>
<status status="PASS" starttime="20190616 15:21:03.986" endtime="20190616 15:21:04.029"></status>
</kw>
<kw name="Click Element" library="SeleniumLibrary">
<doc>Click element identified by ``locator``.</doc>
<arguments>
<arg>${locator}</arg>
</arguments>
<msg timestamp="20190616 15:21:04.032" level="INFO">Clicking element 'xpath://paper-button[@aria-label="搜尋篩選器"]//yt-icon'.</msg>
<status status="PASS" starttime="20190616 15:21:04.029" endtime="20190616 15:21:04.251"></status>
</kw>
<status status="PASS" starttime="20190616 15:21:03.537" endtime="20190616 15:21:04.252"></status>
</kw>
<kw name="Click Element After It Is Visible">
<arguments>
<arg>xpath://yt-formatted-string[normalize-space()="觀看次數"]</arg>
</arguments>
<kw name="Wait Until Page Contains Element" library="SeleniumLibrary">
<doc>Waits until element ``locator`` appears on current page.</doc>
<arguments>
<arg>${locator}</arg>
<arg>timeout=${shortPeriodOfTime}</arg>
</arguments>
<status status="PASS" starttime="20190616 15:21:04.253" endtime="20190616 15:21:04.291"></status>
</kw>
<kw name="Wait Until Element Is Visible" library="SeleniumLibrary">
<doc>Waits until element ``locator`` is visible.</doc>
<arguments>
<arg>${locator}</arg>
<arg>timeout=${shortPeriodOfTime}</arg>
</arguments>
<status status="PASS" starttime="20190616 15:21:04.291" endtime="20190616 15:21:04.326"></status>
</kw>
<kw name="Click Element" library="SeleniumLibrary">
<doc>Click element identified by ``locator``.</doc>
<arguments>
<arg>${locator}</arg>
</arguments>
<msg timestamp="20190616 15:21:04.327" level="INFO">Clicking element 'xpath://yt-formatted-string[normalize-space()="觀看次數"]'.</msg>
<status status="PASS" starttime="20190616 15:21:04.327" endtime="20190616 15:21:04.448"></status>
</kw>
<status status="PASS" starttime="20190616 15:21:04.252" endtime="20190616 15:21:04.448"></status>
</kw>
<kw name="Pause Execution" library="Dialogs">
<doc>Pauses test execution until user clicks ``Ok`` button.</doc>
<status status="PASS" starttime="20190616 15:21:04.449" endtime="20190616 15:21:08.510"></status>
</kw>
<kw name="Close Browser" library="SeleniumLibrary" type="teardown">
<doc>Closes the current browser.</doc>
<status status="PASS" starttime="20190616 15:21:08.511" endtime="20190616 15:21:10.580"></status>
</kw>
<status status="PASS" starttime="20190616 15:20:57.183" endtime="20190616 15:21:10.580" critical="yes"></status>
</test>
<status status="PASS" starttime="20190616 15:20:56.919" endtime="20190616 15:21:10.581"></status>
</suite>
<status status="PASS" starttime="20190616 15:20:56.898" endtime="20190616 15:21:10.583"></status>
</suite>
<statistics>
<total>
<stat pass="1" fail="0">Critical Tests</stat>
<stat pass="1" fail="0">All Tests</stat>
</total>
<tag>
</tag>
<suite>
<stat pass="1" fail="0" id="s1" name="FBTest">FBTest</stat>
<stat pass="1" fail="0" id="s1-s1" name="SearchName">FBTest.SearchName</stat>
</suite>
</statistics>
<errors>
</errors>
</robot>
